0 info it worked if it ends with ok
1 verbose cli [ '/home/bitliner/.nvm/v0.10.36/bin/node',
1 verbose cli   '/home/bitliner/.nvm/v0.10.36/bin/npm',
1 verbose cli   'publish' ]
2 info using npm@1.4.28
3 info using node@v0.10.36
4 verbose publish [ '.' ]
5 error Failed to parse json
5 error Unexpected string
6 error File: /home/bitliner/wonderflow/wonderboard/frontend/quick-e2e-test/package.json
7 error Failed to parse package.json data.
7 error package.json must be actual JSON, not just JavaScript.
7 error
7 error This is not a bug in npm.
7 error Tell the package author to fix their package.json file. JSON.parse
8 error System Linux 3.13.0-37-generic
9 error command "/home/bitliner/.nvm/v0.10.36/bin/node" "/home/bitliner/.nvm/v0.10.36/bin/npm" "publish"
10 error cwd /home/bitliner/wonderflow/wonderboard/frontend/quick-e2e-test
11 error node -v v0.10.36
12 error npm -v 1.4.28
13 error file /home/bitliner/wonderflow/wonderboard/frontend/quick-e2e-test/package.json
14 error code EJSONPARSE
15 verbose exit [ 1, true ]
